Build started 23-05-2013 20:16:26.
     1>Project "C:\Users\sup\Documents\GitHub\cgra\Exercise1\CGFexample.vcxproj" on node 2 (build target(s)).
     1>InitializeBuildStatus:
         Creating "..\buildtemp\CGFexample\CGFexample.unsuccessfulbuild" because "AlwaysCreate" was specified.
       ClCompile:
         C:\Program Files\Microsoft Visual Studio 10.0\VC\bin\CL.exe /c /ZI /nologo /W3 /WX- /Od /Oy- /D _MBCS /Gm /EHsc /RTC1 /MDd /GS /fp:precise /Zc:wchar_t /Zc:forScope /Fo"..\buildtemp\CGFexample\\" /Fd"..\buildtemp\CGFexample\vc100.pdb" /Gd /TP /analyze- /errorReport:prompt src\MyRobot.cpp
         MyRobot.cpp
       Link:
         C:\Program Files\Microsoft Visual Studio 10.0\VC\bin\link.exe /ERRORREPORT:PROMPT /OUT:"bin\CGFexample.exe" /NOLOGO glew32.lib CGFlib.lib kernel32.lib user32.lib gdi32.lib winspool.lib comdlg32.lib advapi32.lib shell32.lib ole32.lib oleaut32.lib uuid.lib odbc32.lib odbccp32.lib kernel32.lib user32.lib gdi32.lib winspool.lib comdlg32.lib advapi32.lib shell32.lib ole32.lib oleaut32.lib uuid.lib odbc32.lib odbccp32.lib /MANIFEST /ManifestFile:"..\buildtemp\CGFexample\CGFexample.exe.intermediate.manifest" /MANIFESTUAC:"level='asInvoker' uiAccess='false'" /DEBUG /PDB:"C:\Users\sup\Documents\GitHub\cgra\Exercise1\bin\CGFexample.pdb" /TLBID:1 /DYNAMICBASE /NXCOMPAT /IMPLIB:"bin\CGFexample.lib" /MACHINE:X86 ..\buildtemp\CGFexample\DemoScene.obj
         ..\buildtemp\CGFexample\ExampleObject.obj
         ..\buildtemp\CGFexample\LightingScene.obj
         ..\buildtemp\CGFexample\main.obj
         ..\buildtemp\CGFexample\MyClock.obj
         ..\buildtemp\CGFexample\MyClockHand.obj
         ..\buildtemp\CGFexample\myCylinder.obj
         ..\buildtemp\CGFexample\myFloor.obj
         ..\buildtemp\CGFexample\myLamp.obj
         ..\buildtemp\CGFexample\MyPaperPlane.obj
         ..\buildtemp\CGFexample\MyRobot.obj
         ..\buildtemp\CGFexample\myTable.obj
         ..\buildtemp\CGFexample\myUnitCube.obj
         ..\buildtemp\CGFexample\Plane.obj
         ..\buildtemp\CGFexample\TPinterface.obj
         LINK : bin\CGFexample.exe not found or not built by the last incremental link; performing full link
     1>CGFlib.lib(CGFappearance.obj) : warning LNK4099: PDB 'vc100.pdb' was not found with 'CGFlib.lib(CGFappearance.obj)' or at 'C:\Users\sup\Documents\GitHub\cgra\Exercise1\bin\vc100.pdb'; linking object as if no debug info
     1>CGFlib.lib(CGFapplication.obj) : warning LNK4099: PDB 'vc100.pdb' was not found with 'CGFlib.lib(CGFapplication.obj)' or at 'C:\Users\sup\Documents\GitHub\cgra\Exercise1\bin\vc100.pdb'; linking object as if no debug info
     1>CGFlib.lib(CGFaxis.obj) : warning LNK4099: PDB 'vc100.pdb' was not found with 'CGFlib.lib(CGFaxis.obj)' or at 'C:\Users\sup\Documents\GitHub\cgra\Exercise1\bin\vc100.pdb'; linking object as if no debug info
     1>CGFlib.lib(CGFcamera.obj) : warning LNK4099: PDB 'vc100.pdb' was not found with 'CGFlib.lib(CGFcamera.obj)' or at 'C:\Users\sup\Documents\GitHub\cgra\Exercise1\bin\vc100.pdb'; linking object as if no debug info
     1>CGFlib.lib(CGFinterface.obj) : warning LNK4099: PDB 'vc100.pdb' was not found with 'CGFlib.lib(CGFinterface.obj)' or at 'C:\Users\sup\Documents\GitHub\cgra\Exercise1\bin\vc100.pdb'; linking object as if no debug info
     1>CGFlib.lib(CGFlight.obj) : warning LNK4099: PDB 'vc100.pdb' was not found with 'CGFlib.lib(CGFlight.obj)' or at 'C:\Users\sup\Documents\GitHub\cgra\Exercise1\bin\vc100.pdb'; linking object as if no debug info
     1>CGFlib.lib(CGFobject.obj) : warning LNK4099: PDB 'vc100.pdb' was not found with 'CGFlib.lib(CGFobject.obj)' or at 'C:\Users\sup\Documents\GitHub\cgra\Exercise1\bin\vc100.pdb'; linking object as if no debug info
     1>CGFlib.lib(CGFscene.obj) : warning LNK4099: PDB 'vc100.pdb' was not found with 'CGFlib.lib(CGFscene.obj)' or at 'C:\Users\sup\Documents\GitHub\cgra\Exercise1\bin\vc100.pdb'; linking object as if no debug info
     1>CGFlib.lib(CGFshader.obj) : warning LNK4099: PDB 'vc100.pdb' was not found with 'CGFlib.lib(CGFshader.obj)' or at 'C:\Users\sup\Documents\GitHub\cgra\Exercise1\bin\vc100.pdb'; linking object as if no debug info
     1>CGFlib.lib(CGFtexture.obj) : warning LNK4099: PDB 'vc100.pdb' was not found with 'CGFlib.lib(CGFtexture.obj)' or at 'C:\Users\sup\Documents\GitHub\cgra\Exercise1\bin\vc100.pdb'; linking object as if no debug info
     1>CGFlib.lib(imagetools.obj) : warning LNK4099: PDB 'vc100.pdb' was not found with 'CGFlib.lib(imagetools.obj)' or at 'C:\Users\sup\Documents\GitHub\cgra\Exercise1\bin\vc100.pdb'; linking object as if no debug info
     1>CGFlib.lib(stb_image.obj) : warning LNK4099: PDB 'vc100.pdb' was not found with 'CGFlib.lib(stb_image.obj)' or at 'C:\Users\sup\Documents\GitHub\cgra\Exercise1\bin\vc100.pdb'; linking object as if no debug info
         CGFexample.vcxproj -> C:\Users\sup\Documents\GitHub\cgra\Exercise1\bin\CGFexample.exe
       Manifest:
         C:\Program Files\Microsoft SDKs\Windows\v7.0A\bin\mt.exe /nologo /verbose /outputresource:"bin\CGFexample.exe;#1" /manifest ..\buildtemp\CGFexample\CGFexample.exe.intermediate.manifest
       FinalizeBuildStatus:
         Deleting file "..\buildtemp\CGFexample\CGFexample.unsuccessfulbuild".
         Touching "..\buildtemp\CGFexample\CGFexample.lastbuildstate".
     1>Done Building Project "C:\Users\sup\Documents\GitHub\cgra\Exercise1\CGFexample.vcxproj" (build target(s)).

Build succeeded.

Time Elapsed 00:00:01.58
