bin\CGFexample.ilk
bin\CGFexample.pdb
C:\USERS\SUP\DOCUMENTS\GITHUB\CGRA\BUILDTEMP\CGFEXAMPLE\CGFEXAMPLE.EXE.INTERMEDIATE.MANIFEST
C:\Users\sup\Documents\GitHub\cgra\buildtemp\CGFexample\cl.command.1.tlog
C:\Users\sup\Documents\GitHub\cgra\buildtemp\CGFexample\CL.read.1.tlog
C:\Users\sup\Documents\GitHub\cgra\buildtemp\CGFexample\CL.write.1.tlog
C:\USERS\SUP\DOCUMENTS\GITHUB\CGRA\BUILDTEMP\CGFEXAMPLE\DEMOSCENE.OBJ
C:\USERS\SUP\DOCUMENTS\GITHUB\CGRA\BUILDTEMP\CGFEXAMPLE\EXAMPLEOBJECT.OBJ
C:\USERS\SUP\DOCUMENTS\GITHUB\CGRA\BUILDTEMP\CGFEXAMPLE\LIGHTINGSCENE.OBJ
C:\Users\sup\Documents\GitHub\cgra\buildtemp\CGFexample\link.command.1.tlog
C:\Users\sup\Documents\GitHub\cgra\buildtemp\CGFexample\link.read.1.tlog
C:\Users\sup\Documents\GitHub\cgra\buildtemp\CGFexample\link.read.2.tlog
C:\Users\sup\Documents\GitHub\cgra\buildtemp\CGFexample\link.write.1.tlog
C:\USERS\SUP\DOCUMENTS\GITHUB\CGRA\BUILDTEMP\CGFEXAMPLE\MAIN.OBJ
C:\Users\sup\Documents\GitHub\cgra\buildtemp\CGFexample\mt.command.1.tlog
C:\Users\sup\Documents\GitHub\cgra\buildtemp\CGFexample\mt.read.1.tlog
C:\Users\sup\Documents\GitHub\cgra\buildtemp\CGFexample\mt.write.1.tlog
C:\USERS\SUP\DOCUMENTS\GITHUB\CGRA\BUILDTEMP\CGFEXAMPLE\MYCLOCK.OBJ
C:\USERS\SUP\DOCUMENTS\GITHUB\CGRA\BUILDTEMP\CGFEXAMPLE\MYCLOCKHAND.OBJ
C:\USERS\SUP\DOCUMENTS\GITHUB\CGRA\BUILDTEMP\CGFEXAMPLE\MYCYLINDER.OBJ
C:\USERS\SUP\DOCUMENTS\GITHUB\CGRA\BUILDTEMP\CGFEXAMPLE\MYFLOOR.OBJ
C:\USERS\SUP\DOCUMENTS\GITHUB\CGRA\BUILDTEMP\CGFEXAMPLE\MYLAMP.OBJ
C:\USERS\SUP\DOCUMENTS\GITHUB\CGRA\BUILDTEMP\CGFEXAMPLE\MYPAPERPLANE.OBJ
C:\USERS\SUP\DOCUMENTS\GITHUB\CGRA\BUILDTEMP\CGFEXAMPLE\MYROBOT.OBJ
C:\USERS\SUP\DOCUMENTS\GITHUB\CGRA\BUILDTEMP\CGFEXAMPLE\MYTABLE.OBJ
C:\USERS\SUP\DOCUMENTS\GITHUB\CGRA\BUILDTEMP\CGFEXAMPLE\MYUNITCUBE.OBJ
C:\USERS\SUP\DOCUMENTS\GITHUB\CGRA\BUILDTEMP\CGFEXAMPLE\PLANE.OBJ
C:\USERS\SUP\DOCUMENTS\GITHUB\CGRA\BUILDTEMP\CGFEXAMPLE\TPINTERFACE.OBJ
C:\Users\sup\Documents\GitHub\cgra\buildtemp\CGFexample\vc100.idb
C:\USERS\SUP\DOCUMENTS\GITHUB\CGRA\BUILDTEMP\CGFEXAMPLE\VC100.PDB
C:\USERS\SUP\DOCUMENTS\GITHUB\CGRA\EXERCISE1\BIN\CGFEXAMPLE.EXE
C:\USERS\SUP\DOCUMENTS\GITHUB\CGRA\EXERCISE1\BIN\CGFEXAMPLE.ILK
C:\USERS\SUP\DOCUMENTS\GITHUB\CGRA\EXERCISE1\BIN\CGFEXAMPLE.PDB
